androilan3/Fortune MEDIA/app/build/intermediates/manifest_merge_blame_file/debug/manifest-merger-blame-debug-report.txt
1<?xml version="1.0" encoding="utf-8"?>
2<manifest xmlns:android="http://schemas.android.com/apk/res/android"
3    package="com.example.mediaplayer"
4    android:versionCode="1"
5    android:versionName="1.0" >
6
7    <uses-sdk
8        android:minSdkVersion="26"
8-->src/main/AndroidManifest.xml
9        android:targetSdkVersion="30" />
9-->src/main/AndroidManifest.xml
10
11    <uses-permission android:name="android.permission.READ_EXTERNAL_STORAGE" />
11-->src/main/AndroidManifest.xml:5:5-80
11-->src/main/AndroidManifest.xml:5:22-77
12    <uses-permission android:name="android.permission.WRITE_EXTERNAL_STORAGE" />
12-->src/main/AndroidManifest.xml:6:5-81
12-->src/main/AndroidManifest.xml:6:22-78
13
14    <application
14-->src/main/AndroidManifest.xml:8:5-25:19
15        android:allowBackup="true"
15-->src/main/AndroidManifest.xml:9:9-35
16        android:appComponentFactory="androidx.core.app.CoreComponentFactory"
16-->[androidx.core:core:1.3.1] AndroidManifest.xml:24:18-86
17        android:debuggable="true"
18        android:extractNativeLibs="false"
19        android:icon="@mipmap/ic_launcher"
19-->src/main/AndroidManifest.xml:10:9-43
20        android:label="@string/app_name"
20-->src/main/AndroidManifest.xml:11:9-41
21        android:noHistory="true"
21-->src/main/AndroidManifest.xml:12:9-33
22        android:requestLegacyExternalStorage="true"
22-->src/main/AndroidManifest.xml:13:9-52
23        android:roundIcon="@mipmap/ic_launcher_round"
23-->src/main/AndroidManifest.xml:14:9-54
24        android:supportsRtl="true"
24-->src/main/AndroidManifest.xml:15:9-35
25        android:testOnly="true"
26        android:theme="@style/Theme.MEDIAPLAYER" >
26-->src/main/AndroidManifest.xml:16:9-49
27        <activity android:name="com.example.mediaplayer.Play_Song_Activity" />
27-->src/main/AndroidManifest.xml:17:9-56
27-->src/main/AndroidManifest.xml:17:19-53
28        <activity android:name="com.example.mediaplayer.MainActivity" >
28-->src/main/AndroidManifest.xml:18:9-24:20
28-->src/main/AndroidManifest.xml:18:19-47
29            <intent-filter>
29-->src/main/AndroidManifest.xml:19:13-23:29
30                <action android:name="android.intent.action.MAIN" />
30-->src/main/AndroidManifest.xml:20:17-69
30-->src/main/AndroidManifest.xml:20:25-66
31
32                <category android:name="android.intent.category.LAUNCHER" />
32-->src/main/AndroidManifest.xml:22:17-77
32-->src/main/AndroidManifest.xml:22:27-74
33            </intent-filter>
34        </activity>
35    </application>
36
37</manifest>